0 info it worked if it ends with ok
1 verbose cli [ 'C:\\Program Files\\nodejs\\\\node.exe',
1 verbose cli   'C:\\Program Files\\nodejs\\node_modules\\npm\\bin\\npm-cli.js',
1 verbose cli   'install',
1 verbose cli   'karma-phantomJS-launcher',
1 verbose cli   '--save-dev' ]
2 info using npm@1.4.28
3 info using node@v0.10.36
4 verbose node symlink C:\Program Files\nodejs\\node.exe
5 warn package.json veff2Verkefni3@1.0.0 No description
6 warn package.json veff2Verkefni3@1.0.0 No README data
7 verbose readDependencies using package.json deps
8 verbose cache add [ 'karma-phantomJS-launcher', null ]
9 verbose cache add name=undefined spec="karma-phantomJS-launcher" args=["karma-phantomJS-launcher",null]
10 verbose parsed url { protocol: null,
10 verbose parsed url   slashes: null,
10 verbose parsed url   auth: null,
10 verbose parsed url   host: null,
10 verbose parsed url   port: null,
10 verbose parsed url   hostname: null,
10 verbose parsed url   hash: null,
10 verbose parsed url   search: null,
10 verbose parsed url   query: null,
10 verbose parsed url   pathname: 'karma-phantomJS-launcher',
10 verbose parsed url   path: 'karma-phantomJS-launcher',
10 verbose parsed url   href: 'karma-phantomJS-launcher' }
11 silly lockFile 5475de19-karma-phantomJS-launcher karma-phantomJS-launcher
12 verbose lock karma-phantomJS-launcher C:\Users\Solvi\AppData\Roaming\npm-cache\5475de19-karma-phantomJS-launcher.lock
13 silly lockFile 5475de19-karma-phantomJS-launcher karma-phantomJS-launcher
14 silly lockFile 5475de19-karma-phantomJS-launcher karma-phantomJS-launcher
15 verbose addNamed [ 'karma-phantomJS-launcher', '' ]
16 verbose addNamed [ null, '*' ]
17 silly lockFile 2998dd80-karma-phantomJS-launcher karma-phantomJS-launcher@
18 verbose lock karma-phantomJS-launcher@ C:\Users\Solvi\AppData\Roaming\npm-cache\2998dd80-karma-phantomJS-launcher.lock
19 silly addNameRange { name: 'karma-phantomJS-launcher', range: '*', hasData: false }
20 verbose request where is /karma-phantomJS-launcher
21 verbose request registry https://registry.npmjs.org/
22 verbose request id e8a9c3dc401b0ee9
23 verbose url raw /karma-phantomJS-launcher
24 verbose url resolving [ 'https://registry.npmjs.org/', './karma-phantomJS-launcher' ]
25 verbose url resolved https://registry.npmjs.org/karma-phantomJS-launcher
26 verbose request where is https://registry.npmjs.org/karma-phantomJS-launcher
27 info trying registry request attempt 1 at 15:20:30
28 http GET https://registry.npmjs.org/karma-phantomJS-launcher
29 http 404 https://registry.npmjs.org/karma-phantomJS-launcher
30 verbose headers { date: 'Wed, 18 Mar 2015 15:20:32 GMT',
30 verbose headers   server: 'CouchDB/1.5.0 (Erlang OTP/R16B03)',
30 verbose headers   'content-type': 'application/json',
30 verbose headers   'cache-control': 'max-age=0',
30 verbose headers   'content-length': '51',
30 verbose headers   'accept-ranges': 'bytes',
30 verbose headers   via: '1.1 varnish',
30 verbose headers   age: '0',
30 verbose headers   'x-served-by': 'cache-fra1244-FRA',
30 verbose headers   'x-cache': 'MISS',
30 verbose headers   'x-cache-hits': '0',
30 verbose headers   'x-timer': 'S1426692032.043689,VS0,VE180',
30 verbose headers   'keep-alive': 'timeout=10, max=50',
30 verbose headers   connection: 'Keep-Alive' }
31 silly registry.get cb [ 404,
31 silly registry.get   { date: 'Wed, 18 Mar 2015 15:20:32 GMT',
31 silly registry.get     server: 'CouchDB/1.5.0 (Erlang OTP/R16B03)',
31 silly registry.get     'content-type': 'application/json',
31 silly registry.get     'cache-control': 'max-age=0',
31 silly registry.get     'content-length': '51',
31 silly registry.get     'accept-ranges': 'bytes',
31 silly registry.get     via: '1.1 varnish',
31 silly registry.get     age: '0',
31 silly registry.get     'x-served-by': 'cache-fra1244-FRA',
31 silly registry.get     'x-cache': 'MISS',
31 silly registry.get     'x-cache-hits': '0',
31 silly registry.get     'x-timer': 'S1426692032.043689,VS0,VE180',
31 silly registry.get     'keep-alive': 'timeout=10, max=50',
31 silly registry.get     connection: 'Keep-Alive' } ]
32 silly lockFile 2998dd80-karma-phantomJS-launcher karma-phantomJS-launcher@
33 silly lockFile 2998dd80-karma-phantomJS-launcher karma-phantomJS-launcher@
34 error 404 404 Not Found: karma-phantomJS-launcher
34 error 404
34 error 404 'karma-phantomJS-launcher' is not in the npm registry.
34 error 404 You should bug the author to publish it
34 error 404 It was specified as a dependency of 'veff2Verkefni3'
34 error 404
34 error 404 Note that you can also install from a
34 error 404 tarball, folder, or http url, or git url.
35 error System Windows_NT 6.2.9200
36 error command "C:\\Program Files\\nodejs\\\\node.exe" "C:\\Program Files\\nodejs\\node_modules\\npm\\bin\\npm-cli.js" "install" "karma-phantomJS-launcher" "--save-dev"
37 error cwd C:\Users\Solvi\Desktop\Skoli\Vefforritun II\EvalClient\veff2Verkefni3
38 error node -v v0.10.36
39 error npm -v 1.4.28
40 error code E404
41 verbose exit [ 1, true ]
